<?xml version="1.0" encoding="UTF-8"?>
<!-- Generated by org.testng.reporters.JUnitXMLReporter -->
<testsuite hostname="D1ML16996" name="Test" tests="2" failures="0" timestamp="23 Jun 2018 13:12:12 GMT" time="2.105" errors="0">
  <testcase name="@BeforeTest openChromeAppURLmethod" time="0.0" classname="sampleProjectThroughXMLValues.ValuesFromXMLFile">
    <failure type="org.openqa.selenium.SessionNotCreatedException" message="Unable to find a matching set of capabilities
Build info: version: &amp;apos;3.4.0&amp;apos;, revision: &amp;apos;unknown&amp;apos;, time: &amp;apos;unknown&amp;apos;
System info: host: &amp;apos;D1ML16996&amp;apos;, ip: &amp;apos;192.168.0.101&amp;apos;, os.name: &amp;apos;Windows 8.1&amp;apos;, os.arch: &amp;apos;amd64&amp;apos;, os.version: &amp;apos;6.3&amp;apos;, java.version: &amp;apos;1.8.0_131&amp;apos;
Driver info: driver.version: FirefoxDriver
remote stacktrace: stack backtrace:
   0:           0x489f6f - &amp;lt;no info&amp;gt;
   1:           0x48ad59 - &amp;lt;no info&amp;gt;
   2:           0x43c325 - &amp;lt;no info&amp;gt;
   3:           0x443f9a - &amp;lt;no info&amp;gt;
   4:           0x41ddb1 - &amp;lt;no info&amp;gt;
   5:           0x4091c7 - &amp;lt;no info&amp;gt;
   6:           0x6bc939 - &amp;lt;no info&amp;gt;
   7:           0x415a19 - &amp;lt;no info&amp;gt;
   8:           0x6b6e43 - &amp;lt;no info&amp;gt;
   9:     0x7ffcebd413d2 - BaseThreadInitThunk">
      <![CDATA[org.openqa.selenium.SessionNotCreatedException: Unable to find a matching set of capabilities
Build info: version: '3.4.0', revision: 'unknown', time: 'unknown'
System info: host: 'D1ML16996', ip: '192.168.0.101', os.name: 'Windows 8.1', os.arch: 'amd64', os.version: '6.3', java.version: '1.8.0_131'
Driver info: driver.version: FirefoxDriver
remote stacktrace: stack backtrace:
   0:           0x489f6f - <no info>
   1:           0x48ad59 - <no info>
   2:           0x43c325 - <no info>
   3:           0x443f9a - <no info>
   4:           0x41ddb1 - <no info>
   5:           0x4091c7 - <no info>
   6:           0x6bc939 - <no info>
   7:           0x415a19 - <no info>
   8:           0x6b6e43 - <no info>
   9:     0x7ffcebd413d2 - BaseThreadInitThunk
	at org.openqa.selenium.remote.W3CHandshakeResponse.lambda$new$0(W3CHandshakeResponse.java:57)
	at org.openqa.selenium.remote.W3CHandshakeResponse.lambda$getResponseFunction$2(W3CHandshakeResponse.java:104)
	at org.openqa.selenium.remote.ProtocolHandshake.lambda$createSession$22(ProtocolHandshake.java:365)
	at java.util.stream.ReferencePipeline$3$1.accept(ReferencePipeline.java:193)
	at java.util.Spliterators$ArraySpliterator.tryAdvance(Spliterators.java:958)
	at java.util.stream.ReferencePipeline.forEachWithCancel(ReferencePipeline.java:126)
	at java.util.stream.AbstractPipeline.copyIntoWithCancel(AbstractPipeline.java:498)
	at java.util.stream.AbstractPipeline.copyInto(AbstractPipeline.java:485)
	at java.util.stream.AbstractPipeline.wrapAndCopyInto(AbstractPipeline.java:471)
	at java.util.stream.FindOps$FindOp.evaluateSequential(FindOps.java:152)
	at java.util.stream.AbstractPipeline.evaluate(AbstractPipeline.java:234)
	at java.util.stream.ReferencePipeline.findFirst(ReferencePipeline.java:464)
	at org.openqa.selenium.remote.ProtocolHandshake.createSession(ProtocolHandshake.java:368)
	at org.openqa.selenium.remote.ProtocolHandshake.createSession(ProtocolHandshake.java:159)
	at org.openqa.selenium.remote.HttpCommandExecutor.execute(HttpCommandExecutor.java:142)
	at org.openqa.selenium.remote.service.DriverCommandExecutor.execute(DriverCommandExecutor.java:82)
	at org.openqa.selenium.remote.RemoteWebDriver.execute(RemoteWebDriver.java:637)
	at org.openqa.selenium.remote.RemoteWebDriver.startSession(RemoteWebDriver.java:250)
	at org.openqa.selenium.remote.RemoteWebDriver.startSession(RemoteWebDriver.java:236)
	at org.openqa.selenium.remote.RemoteWebDriver.<init>(RemoteWebDriver.java:137)
	at org.openqa.selenium.firefox.FirefoxDriver.<init>(FirefoxDriver.java:191)
	at org.openqa.selenium.firefox.FirefoxDriver.<init>(FirefoxDriver.java:108)
	at org.openqa.selenium.firefox.FirefoxDriver.<init>(FirefoxDriver.java:137)
	at utilities.BaseFramework.launchApp(BaseFramework.java:48)
	at sampleProjectThroughXMLValues.ValuesFromXMLFile.openChromeAppURLmethod(ValuesFromXMLFile.java:20)
... Removed 26 stack frames]]>
    </failure>
  </testcase> <!-- @BeforeTest openChromeAppURLmethod -->
  <testcase name="@AfterTest afterTest" time="0.0" classname="sampleProjectThroughXMLValues.ValuesFromXMLFile">
    <skipped/>
  </testcase> <!-- @AfterTest afterTest -->
  <testcase name="loginWithNewlyCreatedUser" time="0.012" classname="sampleProjectThroughXMLValues.ValuesFromXMLFile">
    <skipped/>
  </testcase> <!-- loginWithNewlyCreatedUser -->
  <testcase name="logout" time="0.0" classname="sampleProjectThroughXMLValues.ValuesFromXMLFile">
    <skipped/>
  </testcase> <!-- logout -->
</testsuite> <!-- Test -->
